# JRE version: OpenJDK Runtime Environment OpenLogic-OpenJDK (17.0.14+7) (build 17.0.14+7-adhoc..jdk17u)
# Java VM: OpenJDK 64-Bit Server VM OpenLogic-OpenJDK (17.0.14+7-adhoc..jdk17u, mixed mode, sharing, tiered, compressed oops, compressed class ptrs, g1 gc, windows-amd64)
GC Precious Log:
 CPUs: 4 total, 4 available
 Memory: 3871M
 Large Page Support: Disabled
 NUMA Support: Disabled
 Compressed Oops: Enabled (32-bit)
 Heap Region Size: 1M
 Heap Min Capacity: 8M
 Heap Initial Capacity: 62M
 Heap Max Capacity: 2G
 Pre-touch: Disabled
 Parallel Workers: 4
 Concurrent Workers: 1
 Concurrent Refinement Workers: 4
 Periodic GC: Disabled
Heap:
 garbage-first heap   total 78848K, used 52996K [0x0000000080000000, 0x0000000100000000)
  region size 1024K, 20 young (20480K), 2 survivors (2048K)
 Metaspace       used 39072K, committed 39616K, reserved 491520K
  class space    used 5475K, committed 5760K, reserved 425984K
GC Heap History (20 events):
Event: 66.481 GC heap before
{Heap before GC invocations=11 (full 0):
 garbage-first heap   total 63488K, used 26716K [0x0000000080000000, 0x0000000100000000)
  region size 1024K, 4 young (4096K), 3 survivors (3072K)
 Metaspace       used 24097K, committed 24448K, reserved 491520K
  class space    used 3541K, committed 3712K, reserved 425984K
}
Event: 66.498 GC heap after
{Heap after GC invocations=12 (full 0):
 garbage-first heap   total 63488K, used 25851K [0x0000000080000000, 0x0000000100000000)
  region size 1024K, 1 young (1024K), 1 survivors (1024K)
 Metaspace       used 24097K, committed 24448K, reserved 491520K
  class space    used 3541K, committed 3712K, reserved 425984K
}
Event: 68.654 GC heap before
{Heap before GC invocations=12 (full 0):
 garbage-first heap   total 63488K, used 50427K [0x0000000080000000, 0x0000000100000000)
  region size 1024K, 25 young (25600K), 1 survivors (1024K)
 Metaspace       used 27361K, committed 27776K, reserved 491520K
  class space    used 4007K, committed 4224K, reserved 425984K
}
Event: 68.659 GC heap after
{Heap after GC invocations=13 (full 0):
 garbage-first heap   total 63488K, used 26899K [0x0000000080000000, 0x0000000100000000)
  region size 1024K, 2 young (2048K), 2 survivors (2048K)
 Metaspace       used 27361K, committed 27776K, reserved 491520K
  class space    used 4007K, committed 4224K, reserved 425984K
}
Event: 77.047 GC heap before
{Heap before GC invocations=13 (full 0):
 garbage-first heap   total 63488K, used 49427K [0x0000000080000000, 0x0000000100000000)
  region size 1024K, 25 young (25600K), 2 survivors (2048K)
 Metaspace       used 31928K, committed 32320K, reserved 491520K
  class space    used 4455K, committed 4608K, reserved 425984K
}
Event: 77.415 GC heap after
{Heap after GC invocations=14 (full 0):
 garbage-first heap   total 63488K, used 30168K [0x0000000080000000, 0x0000000100000000)
  region size 1024K, 4 young (4096K), 4 survivors (4096K)
 Metaspace       used 31928K, committed 32320K, reserved 491520K
  class space    used 4455K, committed 4608K, reserved 425984K
}
Event: 82.953 GC heap before
{Heap before GC invocations=14 (full 0):
 garbage-first heap   total 63488K, used 41432K [0x0000000080000000, 0x0000000100000000)
  region size 1024K, 15 young (15360K), 4 survivors (4096K)
 Metaspace       used 31937K, committed 32320K, reserved 491520K
  class space    used 4455K, committed 4608K, reserved 425984K
}
Event: 82.993 GC heap after
{Heap after GC invocations=15 (full 0):
 garbage-first heap   total 63488K, used 31653K [0x0000000080000000, 0x0000000100000000)
  region size 1024K, 2 young (2048K), 2 survivors (2048K)
 Metaspace       used 31937K, committed 32320K, reserved 491520K
  class space    used 4455K, committed 4608K, reserved 425984K
}
Event: 97.050 GC heap before
{Heap before GC invocations=15 (full 0):
 garbage-first heap   total 63488K, used 49061K [0x0000000080000000, 0x0000000100000000)
  region size 1024K, 19 young (19456K), 2 survivors (2048K)
 Metaspace       used 33909K, committed 34368K, reserved 491520K
  class space    used 4774K, committed 4992K, reserved 425984K
}
Event: 97.099 GC heap after
{Heap after GC invocations=16 (full 0):
 garbage-first heap   total 63488K, used 32837K [0x0000000080000000, 0x0000000100000000)
  region size 1024K, 3 young (3072K), 3 survivors (3072K)
 Metaspace       used 33909K, committed 34368K, reserved 491520K
  class space    used 4774K, committed 4992K, reserved 425984K
}
Event: 98.102 GC heap before
{Heap before GC invocations=17 (full 0):
 garbage-first heap   total 63488K, used 32837K [0x0000000080000000, 0x0000000100000000)
  region size 1024K, 5 young (5120K), 3 survivors (3072K)
 Metaspace       used 33948K, committed 34432K, reserved 491520K
  class space    used 4783K, committed 4992K, reserved 425984K
}
Event: 98.117 GC heap after
{Heap after GC invocations=18 (full 0):
 garbage-first heap   total 63488K, used 33531K [0x0000000080000000, 0x0000000100000000)
  region size 1024K, 3 young (3072K), 3 survivors (3072K)
 Metaspace       used 33948K, committed 34432K, reserved 491520K
  class space    used 4783K, committed 4992K, reserved 425984K
}
Event: 98.321 GC heap before
{Heap before GC invocations=19 (full 0):
 garbage-first heap   total 63488K, used 34555K [0x0000000080000000, 0x0000000100000000)
  region size 1024K, 4 young (4096K), 3 survivors (3072K)
 Metaspace       used 33948K, committed 34432K, reserved 491520K
  class space    used 4783K, committed 4992K, reserved 425984K
}
Event: 98.327 GC heap after
{Heap after GC invocations=20 (full 0):
 garbage-first heap   total 63488K, used 34220K [0x0000000080000000, 0x0000000100000000)
  region size 1024K, 1 young (1024K), 1 survivors (1024K)
 Metaspace       used 33948K, committed 34432K, reserved 491520K
  class space    used 4783K, committed 4992K, reserved 425984K
}
Event: 107.483 GC heap before
{Heap before GC invocations=21 (full 0):
 garbage-first heap   total 63488K, used 54700K [0x0000000080000000, 0x0000000100000000)
  region size 1024K, 17 young (17408K), 1 survivors (1024K)
 Metaspace       used 36448K, committed 36928K, reserved 491520K
  class space    used 5072K, committed 5312K, reserved 425984K
}
Event: 107.501 GC heap after
{Heap after GC invocations=22 (full 0):
 garbage-first heap   total 63488K, used 34342K [0x0000000080000000, 0x0000000100000000)
  region size 1024K, 2 young (2048K), 2 survivors (2048K)
 Metaspace       used 36448K, committed 36928K, reserved 491520K
  class space    used 5072K, committed 5312K, reserved 425984K
}
Event: 108.081 GC heap before
{Heap before GC invocations=22 (full 0):
 garbage-first heap   total 63488K, used 50726K [0x0000000080000000, 0x0000000100000000)
  region size 1024K, 18 young (18432K), 2 survivors (2048K)
 Metaspace       used 36846K, committed 37312K, reserved 491520K
  class space    used 5134K, committed 5376K, reserved 425984K
}
Event: 108.093 GC heap after
{Heap after GC invocations=23 (full 0):
 garbage-first heap   total 63488K, used 34591K [0x0000000080000000, 0x0000000100000000)
  region size 1024K, 2 young (2048K), 2 survivors (2048K)
 Metaspace       used 36846K, committed 37312K, reserved 491520K
  class space    used 5134K, committed 5376K, reserved 425984K
}
Event: 109.293 GC heap before
{Heap before GC invocations=24 (full 0):
 garbage-first heap   total 78848K, used 49951K [0x0000000080000000, 0x0000000100000000)
  region size 1024K, 18 young (18432K), 2 survivors (2048K)
 Metaspace       used 37327K, committed 37888K, reserved 491520K
  class space    used 5190K, committed 5440K, reserved 425984K
}
Event: 109.302 GC heap after
{Heap after GC invocations=25 (full 0):
 garbage-first heap   total 78848K, used 35588K [0x0000000080000000, 0x0000000100000000)
  region size 1024K, 2 young (2048K), 2 survivors (2048K)
 Metaspace       used 37327K, committed 37888K, reserved 491520K
  class space    used 5190K, committed 5440K, reserved 425984K
}

