# JRE version: OpenJDK Runtime Environment OpenLogic-OpenJDK (17.0.14+7) (build 17.0.14+7-adhoc..jdk17u)
# Java VM: OpenJDK 64-Bit Server VM OpenLogic-OpenJDK (17.0.14+7-adhoc..jdk17u, mixed mode, sharing, tiered, compressed oops, compressed class ptrs, g1 gc, windows-amd64)
GC Precious Log:
 CPUs: 4 total, 4 available
 Memory: 3871M
 Large Page Support: Disabled
 NUMA Support: Disabled
 Compressed Oops: Enabled (32-bit)
 Heap Region Size: 1M
 Heap Min Capacity: 8M
 Heap Initial Capacity: 62M
 Heap Max Capacity: 2G
 Pre-touch: Disabled
 Parallel Workers: 4
 Concurrent Workers: 1
 Concurrent Refinement Workers: 4
 Periodic GC: Disabled
Heap:
 garbage-first heap   total 264192K, used 163967K [0x0000000080000000, 0x0000000100000000)
  region size 1024K, 60 young (61440K), 8 survivors (8192K)
 Metaspace       used 86610K, committed 87552K, reserved 557056K
  class space    used 11951K, committed 12416K, reserved 425984K
GC Heap History (20 events):
Event: 61.277 GC heap before
{Heap before GC invocations=53 (full 0):
 garbage-first heap   total 150528K, used 120604K [0x0000000080000000, 0x0000000100000000)
  region size 1024K, 47 young (48128K), 7 survivors (7168K)
 Metaspace       used 71492K, committed 72320K, reserved 491520K
  class space    used 10092K, committed 10496K, reserved 425984K
}
Event: 61.410 GC heap after
{Heap after GC invocations=54 (full 0):
 garbage-first heap   total 150528K, used 84441K [0x0000000080000000, 0x0000000100000000)
  region size 1024K, 6 young (6144K), 6 survivors (6144K)
 Metaspace       used 71492K, committed 72320K, reserved 491520K
  class space    used 10092K, committed 10496K, reserved 425984K
}
Event: 63.515 GC heap before
{Heap before GC invocations=54 (full 0):
 garbage-first heap   total 150528K, used 120281K [0x0000000080000000, 0x0000000100000000)
  region size 1024K, 42 young (43008K), 6 survivors (6144K)
 Metaspace       used 71562K, committed 72384K, reserved 491520K
  class space    used 10093K, committed 10496K, reserved 425984K
}
Event: 63.723 GC heap after
{Heap after GC invocations=55 (full 0):
 garbage-first heap   total 150528K, used 86514K [0x0000000080000000, 0x0000000100000000)
  region size 1024K, 4 young (4096K), 4 survivors (4096K)
 Metaspace       used 71562K, committed 72384K, reserved 491520K
  class space    used 10093K, committed 10496K, reserved 425984K
}
Event: 66.006 GC heap before
{Heap before GC invocations=55 (full 0):
 garbage-first heap   total 150528K, used 120306K [0x0000000080000000, 0x0000000100000000)
  region size 1024K, 38 young (38912K), 4 survivors (4096K)
 Metaspace       used 71572K, committed 72384K, reserved 491520K
  class space    used 10093K, committed 10496K, reserved 425984K
}
Event: 66.035 GC heap after
{Heap after GC invocations=56 (full 0):
 garbage-first heap   total 150528K, used 87866K [0x0000000080000000, 0x0000000100000000)
  region size 1024K, 4 young (4096K), 4 survivors (4096K)
 Metaspace       used 71572K, committed 72384K, reserved 491520K
  class space    used 10093K, committed 10496K, reserved 425984K
}
Event: 67.913 GC heap before
{Heap before GC invocations=56 (full 0):
 garbage-first heap   total 150528K, used 122682K [0x0000000080000000, 0x0000000100000000)
  region size 1024K, 38 young (38912K), 4 survivors (4096K)
 Metaspace       used 71574K, committed 72384K, reserved 491520K
  class space    used 10093K, committed 10496K, reserved 425984K
}
Event: 67.930 GC heap after
{Heap after GC invocations=57 (full 0):
 garbage-first heap   total 150528K, used 88673K [0x0000000080000000, 0x0000000100000000)
  region size 1024K, 3 young (3072K), 3 survivors (3072K)
 Metaspace       used 71574K, committed 72384K, reserved 491520K
  class space    used 10093K, committed 10496K, reserved 425984K
}
Event: 69.132 GC heap before
{Heap before GC invocations=57 (full 0):
 garbage-first heap   total 150528K, used 124513K [0x0000000080000000, 0x0000000100000000)
  region size 1024K, 38 young (38912K), 3 survivors (3072K)
 Metaspace       used 71584K, committed 72448K, reserved 491520K
  class space    used 10093K, committed 10496K, reserved 425984K
}
Event: 69.145 GC heap after
{Heap after GC invocations=58 (full 0):
 garbage-first heap   total 150528K, used 89434K [0x0000000080000000, 0x0000000100000000)
  region size 1024K, 3 young (3072K), 3 survivors (3072K)
 Metaspace       used 71584K, committed 72448K, reserved 491520K
  class space    used 10093K, committed 10496K, reserved 425984K
}
Event: 72.767 GC heap before
{Heap before GC invocations=58 (full 0):
 garbage-first heap   total 150528K, used 130394K [0x0000000080000000, 0x0000000100000000)
  region size 1024K, 37 young (37888K), 3 survivors (3072K)
 Metaspace       used 73197K, committed 74176K, reserved 491520K
  class space    used 10294K, committed 10752K, reserved 425984K
}
Event: 72.786 GC heap after
{Heap after GC invocations=59 (full 0):
 garbage-first heap   total 150528K, used 102267K [0x0000000080000000, 0x0000000100000000)
  region size 1024K, 5 young (5120K), 5 survivors (5120K)
 Metaspace       used 73197K, committed 74176K, reserved 491520K
  class space    used 10294K, committed 10752K, reserved 425984K
}
Event: 74.558 GC heap before
{Heap before GC invocations=59 (full 0):
 garbage-first heap   total 150528K, used 125819K [0x0000000080000000, 0x0000000100000000)
  region size 1024K, 29 young (29696K), 5 survivors (5120K)
 Metaspace       used 75329K, committed 76288K, reserved 557056K
  class space    used 10511K, committed 10944K, reserved 425984K
}
Event: 74.585 GC heap after
{Heap after GC invocations=60 (full 0):
 garbage-first heap   total 150528K, used 103029K [0x0000000080000000, 0x0000000100000000)
  region size 1024K, 1 young (1024K), 1 survivors (1024K)
 Metaspace       used 75329K, committed 76288K, reserved 557056K
  class space    used 10511K, committed 10944K, reserved 425984K
}
Event: 76.179 GC heap before
{Heap before GC invocations=61 (full 0):
 garbage-first heap   total 204800K, used 125557K [0x0000000080000000, 0x0000000100000000)
  region size 1024K, 24 young (24576K), 1 survivors (1024K)
 Metaspace       used 77390K, committed 78336K, reserved 557056K
  class space    used 10714K, committed 11136K, reserved 425984K
}
Event: 76.186 GC heap after
{Heap after GC invocations=62 (full 0):
 garbage-first heap   total 204800K, used 103643K [0x0000000080000000, 0x0000000100000000)
  region size 1024K, 2 young (2048K), 2 survivors (2048K)
 Metaspace       used 77390K, committed 78336K, reserved 557056K
  class space    used 10714K, committed 11136K, reserved 425984K
}
Event: 77.176 GC heap before
{Heap before GC invocations=62 (full 0):
 garbage-first heap   total 204800K, used 110811K [0x0000000080000000, 0x0000000100000000)
  region size 1024K, 10 young (10240K), 2 survivors (2048K)
 Metaspace       used 77946K, committed 78848K, reserved 557056K
  class space    used 10791K, committed 11200K, reserved 425984K
}
Event: 77.188 GC heap after
{Heap after GC invocations=63 (full 0):
 garbage-first heap   total 264192K, used 101451K [0x0000000080000000, 0x0000000100000000)
  region size 1024K, 1 young (1024K), 1 survivors (1024K)
 Metaspace       used 77946K, committed 78848K, reserved 557056K
  class space    used 10791K, committed 11200K, reserved 425984K
}
Event: 88.821 GC heap before
{Heap before GC invocations=63 (full 0):
 garbage-first heap   total 264192K, used 219211K [0x0000000080000000, 0x0000000100000000)
  region size 1024K, 109 young (111616K), 1 survivors (1024K)
 Metaspace       used 85411K, committed 86400K, reserved 557056K
  class space    used 11762K, committed 12224K, reserved 425984K
}
Event: 88.867 GC heap after
{Heap after GC invocations=64 (full 0):
 garbage-first heap   total 264192K, used 111743K [0x0000000080000000, 0x0000000100000000)
  region size 1024K, 8 young (8192K), 8 survivors (8192K)
 Metaspace       used 85411K, committed 86400K, reserved 557056K
  class space    used 11762K, committed 12224K, reserved 425984K
}

